{
  "RSpec": {
    "coverage": {
      "/Users/stillymonster/2Mod/2Mod_Projects/Races_And_Runners/races_and_runners/spec/features/races/new_spec.rb": {
        "lines": [

        ]
      },
      "/Users/stillymonster/2Mod/2Mod_Projects/Races_And_Runners/races_and_runners/spec/features/races/show_spec.rb": {
        "lines": [
          1,
          null,
          1,
          1,
          4,
          4,
          4,
          4,
          4,
          4,
          4,
          4,
          4,
          4,
          null,
          null,
          1,
          1,
          null,
          1,
          1,
          1,
          1,
          1,
          1,
          null,
          null,
          1,
          1,
          null,
          1,
          1,
          null,
          null,
          1,
          1,
          null,
          1,
          1,
          null,
          null,
          1,
          1,
          null,
          1,
          null,
          null
        ]
      },
      "/Users/stillymonster/2Mod/2Mod_Projects/Races_And_Runners/races_and_runners/spec/features/races_runners/index_spec.rb": {
        "lines": [
          1,
          null,
          1,
          1,
          2,
          2,
          2,
          2,
          2,
          2,
          2,
          2,
          2,
          2,
          null,
          null,
          1,
          1,
          null,
          1,
          1,
          1,
          1,
          1,
          1,
          null,
          null,
          1,
          1,
          null,
          1,
          1,
          null,
          null
        ]
      },
      "/Users/stillymonster/2Mod/2Mod_Projects/Races_And_Runners/races_and_runners/spec/features/runners/index_spec.rb": {
        "lines": [
          1,
          null,
          1,
          1,
          2,
          2,
          2,
          2,
          2,
          2,
          2,
          2,
          2,
          2,
          null,
          null,
          1,
          1,
          null,
          1,
          1,
          null,
          null,
          1,
          1,
          null,
          1,
          1,
          null,
          null
        ]
      },
      "/Users/stillymonster/2Mod/2Mod_Projects/Races_And_Runners/races_and_runners/spec/features/runners/show_spec.rb": {
        "lines": [
          1,
          null,
          1,
          1,
          2,
          2,
          2,
          2,
          2,
          2,
          2,
          2,
          2,
          2,
          null,
          null,
          1,
          1,
          null,
          1,
          1,
          1,
          1,
          1,
          1,
          null,
          null,
          1,
          1,
          null,
          1,
          1,
          null,
          null
        ]
      },
      "/Users/stillymonster/2Mod/2Mod_Projects/Races_And_Runners/races_and_runners/spec/models/race_spec.rb": {
        "lines": [
          1,
          null,
          1,
          2,
          null,
          1,
          3,
          3,
          3,
          3,
          3,
          3,
          3,
          3,
          3,
          3,
          null,
          null,
          1,
          1,
          1,
          1,
          1,
          1,
          1,
          1,
          null,
          null,
          1,
          1,
          1,
          null,
          null,
          null
        ]
      },
      "/Users/stillymonster/2Mod/2Mod_Projects/Races_And_Runners/races_and_runners/app/models/race.rb": {
        "lines": [
          1,
          1,
          1,
          0,
          null,
          null
        ]
      },
      "/Users/stillymonster/2Mod/2Mod_Projects/Races_And_Runners/races_and_runners/app/models/application_record.rb": {
        "lines": [
          1,
          1,
          null
        ]
      },
      "/Users/stillymonster/2Mod/2Mod_Projects/Races_And_Runners/races_and_runners/spec/models/runner_spec.rb": {
        "lines": [
          1,
          null,
          1,
          2,
          null,
          1,
          3,
          3,
          3,
          3,
          3,
          3,
          3,
          3,
          3,
          3,
          null,
          null,
          1,
          1,
          1,
          1,
          1,
          1,
          1,
          null,
          null,
          1,
          1,
          1,
          null,
          null,
          null
        ]
      },
      "/Users/stillymonster/2Mod/2Mod_Projects/Races_And_Runners/races_and_runners/app/models/runner.rb": {
        "lines": [
          1,
          1,
          null
        ]
      },
      "/Users/stillymonster/2Mod/2Mod_Projects/Races_And_Runners/races_and_runners/app/controllers/races_controller.rb": {
        "lines": [
          1,
          1,
          3,
          null,
          null,
          1,
          null,
          null,
          1,
          4,
          null,
          null,
          null,
          null,
          1,
          0,
          null,
          null,
          null,
          null,
          null,
          null,
          null,
          0,
          0,
          null,
          null,
          1,
          0,
          null,
          null,
          1,
          0,
          0,
          null,
          null,
          null,
          null,
          null,
          null,
          null,
          0,
          0,
          null,
          null
        ]
      },
      "/Users/stillymonster/2Mod/2Mod_Projects/Races_And_Runners/races_and_runners/app/controllers/application_controller.rb": {
        "lines": [
          1,
          null
        ]
      },
      "/Users/stillymonster/2Mod/2Mod_Projects/Races_And_Runners/races_and_runners/app/controllers/races_runners_controller.rb": {
        "lines": [
          1,
          1,
          2,
          2,
          null,
          null,
          null,
          null
        ]
      },
      "/Users/stillymonster/2Mod/2Mod_Projects/Races_And_Runners/races_and_runners/app/controllers/runners_controller.rb": {
        "lines": [
          1,
          1,
          2,
          null,
          null,
          null,
          null,
          null,
          null,
          1,
          2,
          null,
          null,
          1,
          null,
          null,
          1,
          0,
          0,
          null,
          null,
          1,
          null,
          1,
          0,
          null,
          null
        ]
      }
    },
    "timestamp": 1684204752
  }
}
